0 info it worked if it ends with ok
1 verbose cli [ '/usr/local/bin/node', '/usr/local/bin/npm', 'publish', '.' ]
2 info using npm@1.1.63
3 info using node@v0.8.12
4 verbose publish [ '.' ]
5 verbose read json /home/blittle/dev/bower-installer/package.json
6 verbose cache add [ '.', null ]
7 silly cache add name=undefined spec="." args=[".",null]
8 verbose parsed url { pathname: '.', path: '.', href: '.' }
9 silly lockFile 3a52ce78- .
10 verbose lock . /home/blittle/.npm/3a52ce78-.lock
11 verbose read json package.json
12 verbose tar pack [ '/home/blittle/tmp/npm-13617/1352157998854-0.9707069494761527/tmp.tgz',
12 verbose tar pack   '.' ]
13 verbose tarball /home/blittle/tmp/npm-13617/1352157998854-0.9707069494761527/tmp.tgz
14 verbose folder .
15 info prepublish bower-installer@0.0.3
16 silly lockFile b5b52350-98854-0-9707069494761527-tmp-tgz /home/blittle/tmp/npm-13617/1352157998854-0.9707069494761527/tmp.tgz
17 verbose lock /home/blittle/tmp/npm-13617/1352157998854-0.9707069494761527/tmp.tgz /home/blittle/.npm/b5b52350-98854-0-9707069494761527-tmp-tgz.lock
18 silly lockFile b5b52350-98854-0-9707069494761527-tmp-tgz /home/blittle/tmp/npm-13617/1352157998854-0.9707069494761527/tmp.tgz
19 verbose tar unpack /home/blittle/tmp/npm-13617/1352157998854-0.9707069494761527/tmp.tgz
20 silly lockFile 1b3867fc-98854-0-9707069494761527-package /home/blittle/tmp/npm-13617/1352157998854-0.9707069494761527/package
21 verbose lock /home/blittle/tmp/npm-13617/1352157998854-0.9707069494761527/package /home/blittle/.npm/1b3867fc-98854-0-9707069494761527-package.lock
22 silly gunzTarPerm modes [ '755', '644' ]
23 silly gunzTarPerm extractEntry package.json
24 silly gunzTarPerm modified mode [ 'package.json', 436, 420 ]
25 silly gunzTarPerm extractEntry .npmignore
26 silly gunzTarPerm modified mode [ '.npmignore', 436, 420 ]
27 silly gunzTarPerm extractEntry README.md
28 silly gunzTarPerm modified mode [ 'README.md', 436, 420 ]
29 silly gunzTarPerm extractEntry bower-installer
30 silly gunzTarPerm modified mode [ 'bower-installer', 509, 493 ]
31 silly gunzTarPerm extractEntry component.json
32 silly gunzTarPerm modified mode [ 'component.json', 436, 420 ]
33 verbose read json /home/blittle/tmp/npm-13617/1352157998854-0.9707069494761527/package/package.json
34 silly lockFile 1b3867fc-98854-0-9707069494761527-package /home/blittle/tmp/npm-13617/1352157998854-0.9707069494761527/package
35 verbose from cache /home/blittle/tmp/npm-13617/1352157998854-0.9707069494761527/package/package.json
36 verbose tar pack [ '/home/blittle/.npm/bower-installer/0.0.3/package.tgz',
36 verbose tar pack   '/home/blittle/tmp/npm-13617/1352157998854-0.9707069494761527/package' ]
37 verbose tarball /home/blittle/.npm/bower-installer/0.0.3/package.tgz
38 verbose folder /home/blittle/tmp/npm-13617/1352157998854-0.9707069494761527/package
39 silly lockFile 37faae39-ower-installer-0-0-3-package-tgz /home/blittle/.npm/bower-installer/0.0.3/package.tgz
40 verbose lock /home/blittle/.npm/bower-installer/0.0.3/package.tgz /home/blittle/.npm/37faae39-ower-installer-0-0-3-package-tgz.lock
41 silly lockFile 37faae39-ower-installer-0-0-3-package-tgz /home/blittle/.npm/bower-installer/0.0.3/package.tgz
42 silly lockFile 5db2e8d1-pm-bower-installer-0-0-3-package /home/blittle/.npm/bower-installer/0.0.3/package
43 verbose lock /home/blittle/.npm/bower-installer/0.0.3/package /home/blittle/.npm/5db2e8d1-pm-bower-installer-0-0-3-package.lock
44 silly lockFile 5db2e8d1-pm-bower-installer-0-0-3-package /home/blittle/.npm/bower-installer/0.0.3/package
45 verbose tar unpack /home/blittle/.npm/bower-installer/0.0.3/package.tgz
46 silly lockFile 5db2e8d1-pm-bower-installer-0-0-3-package /home/blittle/.npm/bower-installer/0.0.3/package
47 verbose lock /home/blittle/.npm/bower-installer/0.0.3/package /home/blittle/.npm/5db2e8d1-pm-bower-installer-0-0-3-package.lock
48 silly gunzTarPerm modes [ '755', '644' ]
49 silly gunzTarPerm extractEntry package.json
50 silly gunzTarPerm extractEntry .npmignore
51 silly gunzTarPerm extractEntry README.md
52 silly gunzTarPerm extractEntry bower-installer
53 silly gunzTarPerm extractEntry component.json
54 verbose read json /home/blittle/.npm/bower-installer/0.0.3/package/package.json
55 silly lockFile 5db2e8d1-pm-bower-installer-0-0-3-package /home/blittle/.npm/bower-installer/0.0.3/package
56 silly shasum updated bytes 1455
57 info shasum 0ef10127ea44bc39814fada9a2b23b607d5143ca
57 info shasum /home/blittle/.npm/bower-installer/0.0.3/package.tgz
58 verbose from cache /home/blittle/.npm/bower-installer/0.0.3/package/package.json
59 verbose chmod /home/blittle/.npm/bower-installer/0.0.3/package.tgz 644
60 verbose chown /home/blittle/.npm/bower-installer/0.0.3/package.tgz [ 0, 0 ]
61 silly lockFile 3a52ce78- .
62 silly publish { name: 'bower-installer',
62 silly publish   version: '0.0.3',
62 silly publish   description: 'Tool for installing bower dependencies that won\'t include entire repos',
62 silly publish   main: 'bower-installer',
62 silly publish   dependencies:
62 silly publish    { 'file-utils': '~0.2.6',
62 silly publish      bower: '~0.3.2',
62 silly publish      colors: '~0.6.0-1',
62 silly publish      lodash: '~0.9.1' },
62 silly publish   devDependencies: {},
62 silly publish   scripts: { test: 'echo "Error: no test specified" && exit 1' },
62 silly publish   repository:
62 silly publish    { type: 'git',
62 silly publish      url: 'https://github.com/blittle/bower-installer' },
62 silly publish   keywords: [ 'bower', 'install', 'dependencies' ],
62 silly publish   author: { name: 'Bret Little' },
62 silly publish   license: 'BSD',
62 silly publish   bin: { 'bower-installer': 'bower-installer' },
62 silly publish   readme: 'bower-installer\n===============\n\nTool for installing bower dependencies that won\'t include entire repos',
62 silly publish   _id: 'bower-installer@0.0.3',
62 silly publish   dist: { shasum: '0ef10127ea44bc39814fada9a2b23b607d5143ca' } }
63 verbose url raw bower-installer
64 verbose url resolving [ 'https://registry.npmjs.org/', './bower-installer' ]
65 verbose url resolved https://registry.npmjs.org/bower-installer
66 info trying registry request attempt 1 at 16:26:38
67 http PUT https://registry.npmjs.org/bower-installer
68 http 409 https://registry.npmjs.org/bower-installer
69 verbose url raw bower-installer
70 verbose url resolving [ 'https://registry.npmjs.org/', './bower-installer' ]
71 verbose url resolved https://registry.npmjs.org/bower-installer
72 info trying registry request attempt 1 at 16:26:39
73 http GET https://registry.npmjs.org/bower-installer
74 http 200 https://registry.npmjs.org/bower-installer
75 error publish fail Cannot publish over existing version.
75 error publish fail Bump the 'version' field, set the --force flag, or
75 error publish fail     npm unpublish 'bower-installer@0.0.3'
75 error publish fail and try again
76 error System Linux 3.5.0-17-generic
77 error command "/usr/local/bin/node" "/usr/local/bin/npm" "publish" "."
78 error cwd /home/blittle/dev/bower-installer
79 error node -v v0.8.12
80 error npm -v 1.1.63
81 error code EPUBLISHCONFLICT
82 verbose exit [ 1, true ]
